Analysis & Synthesis report for thumb
Wed Jul 31 16:46:20 2024
Quartus Prime Version 22.1std.0 Build 915 10/25/2022 SC Lite Edition


---------------------
; Table of Contents ;
---------------------
  1. Legal Notice
  2. Analysis & Synthesis Summary
  3. Analysis & Synthesis Settings
  4. Parallel Compilation
  5. Analysis & Synthesis Source Files Read
  6. Analysis & Synthesis Resource Usage Summary
  7. Analysis & Synthesis Resource Utilization by Entity
  8. Logic Cells Representing Combinational Loops
  9. General Register Statistics
 10. Parameter Settings for User Entity Instance: thumb_cpu:DUT
 11. Parameter Settings for User Entity Instance: thumb_cpu:DUT|alu:ADDER2
 12. Parameter Settings for User Entity Instance: thumb_cpu:DUT|regfile:REGS
 13. Parameter Settings for User Entity Instance: thumb_cpu:DUT|register_d:REG_IF_EX
 14. Parameter Settings for User Entity Instance: thumb_cpu:DUT|alu:GENALU
 15. Parameter Settings for User Entity Instance: thumb_cpu:DUT|register_d:REG_EX_WB
 16. Parameter Settings for User Entity Instance: rom:MEM_INST
 17. Parameter Settings for User Entity Instance: ram:MEM_DATA
 18. Port Connectivity Checks: "thumb_cpu:DUT|register_d:REG_EX_WB"
 19. Port Connectivity Checks: "thumb_cpu:DUT|alu:GENALU"
 20. Port Connectivity Checks: "thumb_cpu:DUT|register_d:REG_IF_EX"
 21. Port Connectivity Checks: "thumb_cpu:DUT|regfile:REGS"
 22. Port Connectivity Checks: "thumb_cpu:DUT|alu:ADDER2|alu_1_bit:\ALUS:0:FIRST:ALU_FIRST"
 23. Port Connectivity Checks: "thumb_cpu:DUT|alu:ADDER2|alu_1_bit:\ALUS:1:MID:ALU_I"
 24. Port Connectivity Checks: "thumb_cpu:DUT|alu:ADDER2|alu_1_bit:\ALUS:2:MID:ALU_I"
 25. Port Connectivity Checks: "thumb_cpu:DUT|alu:ADDER2|alu_1_bit:\ALUS:3:MID:ALU_I"
 26. Port Connectivity Checks: "thumb_cpu:DUT|alu:ADDER2|alu_1_bit:\ALUS:4:MID:ALU_I"
 27. Port Connectivity Checks: "thumb_cpu:DUT|alu:ADDER2|alu_1_bit:\ALUS:5:MID:ALU_I"
 28. Port Connectivity Checks: "thumb_cpu:DUT|alu:ADDER2|alu_1_bit:\ALUS:6:MID:ALU_I"
 29. Port Connectivity Checks: "thumb_cpu:DUT|alu:ADDER2|alu_1_bit:\ALUS:7:MID:ALU_I"
 30. Port Connectivity Checks: "thumb_cpu:DUT|alu:ADDER2|alu_1_bit:\ALUS:8:MID:ALU_I"
 31. Port Connectivity Checks: "thumb_cpu:DUT|alu:ADDER2|alu_1_bit:\ALUS:9:MID:ALU_I"
 32. Port Connectivity Checks: "thumb_cpu:DUT|alu:ADDER2|alu_1_bit:\ALUS:10:MID:ALU_I"
 33. Port Connectivity Checks: "thumb_cpu:DUT|alu:ADDER2|alu_1_bit:\ALUS:11:MID:ALU_I"
 34. Port Connectivity Checks: "thumb_cpu:DUT|alu:ADDER2|alu_1_bit:\ALUS:12:MID:ALU_I"
 35. Port Connectivity Checks: "thumb_cpu:DUT|alu:ADDER2|alu_1_bit:\ALUS:13:MID:ALU_I"
 36. Port Connectivity Checks: "thumb_cpu:DUT|alu:ADDER2|alu_1_bit:\ALUS:14:MID:ALU_I"
 37. Port Connectivity Checks: "thumb_cpu:DUT|alu:ADDER2"
 38. Port Connectivity Checks: "thumb_cpu:DUT"
 39. Post-Synthesis Netlist Statistics for Top Partition
 40. Elapsed Time Per Partition
 41. Analysis & Synthesis Messages



----------------
; Legal Notice ;
----------------
Copyright (C) 2022  Intel Corporation. All rights reserved.
Your use of Intel Corporation's design tools, logic functions 
and other software and tools, and any partner logic 
functions, and any output files from any of the foregoing 
(including device programming or simulation files), and any 
associated documentation or information are expressly subject 
to the terms and conditions of the Intel Program License 
Subscription Agreement, the Intel Quartus Prime License Agreement,
the Intel FPGA IP License Agreement, or other applicable license
agreement, including, without limitation, that your use is for
the sole purpose of programming logic devices manufactured by
Intel and sold by Intel or its authorized distributors.  Please
refer to the applicable agreement for further details, at
https://fpgasoftware.intel.com/eula.



+----------------------------------------------------------------------------------+
; Analysis & Synthesis Summary                                                     ;
+---------------------------------+------------------------------------------------+
; Analysis & Synthesis Status     ; Successful - Wed Jul 31 16:46:20 2024          ;
; Quartus Prime Version           ; 22.1std.0 Build 915 10/25/2022 SC Lite Edition ;
; Revision Name                   ; thumb                                          ;
; Top-level Entity Name           ; thumb_cpu_tb                                   ;
; Family                          ; Cyclone V                                      ;
; Logic utilization (in ALMs)     ; N/A                                            ;
; Total registers                 ; 31                                             ;
; Total pins                      ; 31                                             ;
; Total virtual pins              ; 0                                              ;
; Total block memory bits         ; 0                                              ;
; Total DSP Blocks                ; 0                                              ;
; Total HSSI RX PCSs              ; 0                                              ;
; Total HSSI PMA RX Deserializers ; 0                                              ;
; Total HSSI TX PCSs              ; 0                                              ;
; Total HSSI PMA TX Serializers   ; 0                                              ;
; Total PLLs                      ; 0                                              ;
; Total DLLs                      ; 0                                              ;
+---------------------------------+------------------------------------------------+


+---------------------------------------------------------------------------------------------------------------------------+
; Analysis & Synthesis Settings                                                                                             ;
+---------------------------------------------------------------------------------+--------------------+--------------------+
; Option                                                                          ; Setting            ; Default Value      ;
+---------------------------------------------------------------------------------+--------------------+--------------------+
; Device                                                                          ; 5CEBA4F23C7        ;                    ;
; Top-level entity name                                                           ; thumb_cpu_tb       ; thumb              ;
; Family name                                                                     ; Cyclone V          ; Cyclone V          ;
; Use smart compilation                                                           ; Off                ; Off                ;
; Enable parallel Assembler and Timing Analyzer during compilation                ; On                 ; On                 ;
; Enable compact report table                                                     ; Off                ; Off                ;
; Restructure Multiplexers                                                        ; Auto               ; Auto               ;
; MLAB Add Timing Constraints For Mixed-Port Feed-Through Mode Setting Don't Care ; Off                ; Off                ;
; Create Debugging Nodes for IP Cores                                             ; Off                ; Off                ;
; Preserve fewer node names                                                       ; On                 ; On                 ;
; Intel FPGA IP Evaluation Mode                                                   ; Enable             ; Enable             ;
; Verilog Version                                                                 ; Verilog_2001       ; Verilog_2001       ;
; VHDL Version                                                                    ; VHDL_1993          ; VHDL_1993          ;
; State Machine Processing                                                        ; Auto               ; Auto               ;
; Safe State Machine                                                              ; Off                ; Off                ;
; Extract Verilog State Machines                                                  ; On                 ; On                 ;
; Extract VHDL State Machines                                                     ; On                 ; On                 ;
; Ignore Verilog initial constructs                                               ; Off                ; Off                ;
; Iteration limit for constant Verilog loops                                      ; 5000               ; 5000               ;
; Iteration limit for non-constant Verilog loops                                  ; 250                ; 250                ;
; Add Pass-Through Logic to Inferred RAMs                                         ; On                 ; On                 ;
; Infer RAMs from Raw Logic                                                       ; On                 ; On                 ;
; Parallel Synthesis                                                              ; On                 ; On                 ;
; DSP Block Balancing                                                             ; Auto               ; Auto               ;
; NOT Gate Push-Back                                                              ; On                 ; On                 ;
; Power-Up Don't Care                                                             ; On                 ; On                 ;
; Remove Redundant Logic Cells                                                    ; Off                ; Off                ;
; Remove Duplicate Registers                                                      ; On                 ; On                 ;
; Ignore CARRY Buffers                                                            ; Off                ; Off                ;
; Ignore CASCADE Buffers                                                          ; Off                ; Off                ;
; Ignore GLOBAL Buffers                                                           ; Off                ; Off                ;
; Ignore ROW GLOBAL Buffers                                                       ; Off                ; Off                ;
; Ignore LCELL Buffers                                                            ; Off                ; Off                ;
; Ignore SOFT Buffers                                                             ; On                 ; On                 ;
; Limit AHDL Integers to 32 Bits                                                  ; Off                ; Off                ;
; Optimization Technique                                                          ; Balanced           ; Balanced           ;
; Carry Chain Length                                                              ; 70                 ; 70                 ;
; Auto Carry Chains                                                               ; On                 ; On                 ;
; Auto Open-Drain Pins                                                            ; On                 ; On                 ;
; Perform WYSIWYG Primitive Resynthesis                                           ; Off                ; Off                ;
; Auto ROM Replacement                                                            ; On                 ; On                 ;
; Auto RAM Replacement                                                            ; On                 ; On                 ;
; Auto DSP Block Replacement                                                      ; On                 ; On                 ;
; Auto Shift Register Replacement                                                 ; Auto               ; Auto               ;
; Allow Shift Register Merging across Hierarchies                                 ; Auto               ; Auto               ;
; Auto Clock Enable Replacement                                                   ; On                 ; On                 ;
; Strict RAM Replacement                                                          ; Off                ; Off                ;
; Allow Synchronous Control Signals                                               ; On                 ; On                 ;
; Force Use of Synchronous Clear Signals                                          ; Off                ; Off                ;
; Auto Resource Sharing                                                           ; Off                ; Off                ;
; Allow Any RAM Size For Recognition                                              ; Off                ; Off                ;
; Allow Any ROM Size For Recognition                                              ; Off                ; Off                ;
; Allow Any Shift Register Size For Recognition                                   ; Off                ; Off                ;
; Use LogicLock Constraints during Resource Balancing                             ; On                 ; On                 ;
; Ignore translate_off and synthesis_off directives                               ; Off                ; Off                ;
; Timing-Driven Synthesis                                                         ; On                 ; On                 ;
; Report Parameter Settings                                                       ; On                 ; On                 ;
; Report Source Assignments                                                       ; On                 ; On                 ;
; Report Connectivity Checks                                                      ; On                 ; On                 ;
; Ignore Maximum Fan-Out Assignments                                              ; Off                ; Off                ;
; Synchronization Register Chain Length                                           ; 3                  ; 3                  ;
; Power Optimization During Synthesis                                             ; Normal compilation ; Normal compilation ;
; HDL message level                                                               ; Level2             ; Level2             ;
; Suppress Register Optimization Related Messages                                 ; Off                ; Off                ;
; Number of Removed Registers Reported in Synthesis Report                        ; 5000               ; 5000               ;
; Number of Swept Nodes Reported in Synthesis Report                              ; 5000               ; 5000               ;
; Number of Inverted Registers Reported in Synthesis Report                       ; 100                ; 100                ;
; Clock MUX Protection                                                            ; On                 ; On                 ;
; Auto Gated Clock Conversion                                                     ; Off                ; Off                ;
; Block Design Naming                                                             ; Auto               ; Auto               ;
; SDC constraint protection                                                       ; Off                ; Off                ;
; Synthesis Effort                                                                ; Auto               ; Auto               ;
; Shift Register Replacement - Allow Asynchronous Clear Signal                    ; On                 ; On                 ;
; Pre-Mapping Resynthesis Optimization                                            ; Off                ; Off                ;
; Analysis & Synthesis Message Level                                              ; Medium             ; Medium             ;
; Disable Register Merging Across Hierarchies                                     ; Auto               ; Auto               ;
; Resource Aware Inference For Block RAM                                          ; On                 ; On                 ;
; Automatic Parallel Synthesis                                                    ; On                 ; On                 ;
; Partial Reconfiguration Bitstream ID                                            ; Off                ; Off                ;
+---------------------------------------------------------------------------------+--------------------+--------------------+


+------------------------------------------+
; Parallel Compilation                     ;
+----------------------------+-------------+
; Processors                 ; Number      ;
+----------------------------+-------------+
; Number detected on machine ; 4           ;
; Maximum allowed            ; 2           ;
;                            ;             ;
; Average used               ; 1.00        ;
; Maximum used               ; 1           ;
;                            ;             ;
; Usage by Processor         ; % Time Used ;
;     Processor 1            ; 100.0%      ;
+----------------------------+-------------+


+--------------------------------------------------------------------------------------------------------------------------------------+
; Analysis & Synthesis Source Files Read                                                                                               ;
+----------------------------------+-----------------+-----------------+-----------------------------------------------------+---------+
; File Name with User-Entered Path ; Used in Netlist ; File Type       ; File Name with Absolute Path                        ; Library ;
+----------------------------------+-----------------+-----------------+-----------------------------------------------------+---------+
; thumb_cpu_tb.vhd                 ; yes             ; User VHDL File  ; /home/miguelaguena/Documents/thumb/thumb_cpu_tb.vhd ;         ;
; alu.vhd                          ; yes             ; User VHDL File  ; /home/miguelaguena/Documents/thumb/alu.vhd          ;         ;
; alu_1_bit.vhd                    ; yes             ; User VHDL File  ; /home/miguelaguena/Documents/thumb/alu_1_bit.vhd    ;         ;
; thumb_cpu.vhd                    ; yes             ; User VHDL File  ; /home/miguelaguena/Documents/thumb/thumb_cpu.vhd    ;         ;
; ram.vhd                          ; yes             ; User VHDL File  ; /home/miguelaguena/Documents/thumb/ram.vhd          ;         ;
; register_d.vhd                   ; yes             ; User VHDL File  ; /home/miguelaguena/Documents/thumb/register_d.vhd   ;         ;
; regfile.vhd                      ; yes             ; User VHDL File  ; /home/miguelaguena/Documents/thumb/regfile.vhd      ;         ;
; rom.vhd                          ; yes             ; User VHDL File  ; /home/miguelaguena/Documents/thumb/rom.vhd          ;         ;
+----------------------------------+-----------------+-----------------+-----------------------------------------------------+---------+


+--------------------------------------------------------------+
; Analysis & Synthesis Resource Usage Summary                  ;
+---------------------------------------------+----------------+
; Resource                                    ; Usage          ;
+---------------------------------------------+----------------+
; Estimate of Logic utilization (ALMs needed) ; 16             ;
;                                             ;                ;
; Combinational ALUT usage for logic          ; 32             ;
;     -- 7 input functions                    ; 0              ;
;     -- 6 input functions                    ; 0              ;
;     -- 5 input functions                    ; 0              ;
;     -- 4 input functions                    ; 0              ;
;     -- <=3 input functions                  ; 32             ;
;                                             ;                ;
; Dedicated logic registers                   ; 31             ;
;                                             ;                ;
; I/O pins                                    ; 31             ;
;                                             ;                ;
; Total DSP Blocks                            ; 0              ;
;                                             ;                ;
; Maximum fan-out node                        ; s_counter[0]~2 ;
; Maximum fan-out                             ; 32             ;
; Total fan-out                               ; 186            ;
; Average fan-out                             ; 1.49           ;
+---------------------------------------------+----------------+


+-----------------------------------------------------------------------------------------------------------------------------------------------------------------------------------------+
; Analysis & Synthesis Resource Utilization by Entity                                                                                                                                     ;
+----------------------------+---------------------+---------------------------+-------------------+------------+------+--------------+---------------------+--------------+--------------+
; Compilation Hierarchy Node ; Combinational ALUTs ; Dedicated Logic Registers ; Block Memory Bits ; DSP Blocks ; Pins ; Virtual Pins ; Full Hierarchy Name ; Entity Name  ; Library Name ;
+----------------------------+---------------------+---------------------------+-------------------+------------+------+--------------+---------------------+--------------+--------------+
; |thumb_cpu_tb              ; 32 (32)             ; 31 (31)                   ; 0                 ; 0          ; 31   ; 0            ; |thumb_cpu_tb       ; thumb_cpu_tb ; work         ;
+----------------------------+---------------------+---------------------------+-------------------+------------+------+--------------+---------------------+--------------+--------------+
Note: For table entries with two numbers listed, the numbers in parentheses indicate the number of resources of the given type used by the specific entity alone. The numbers listed outside of parentheses indicate the total resources of the given type used by the specific entity and all of its sub-entities in the hierarchy.


+------------------------------------------------------------+
; Logic Cells Representing Combinational Loops               ;
+--------------------------------------------------------+---+
; Logic Cell Name                                        ;   ;
+--------------------------------------------------------+---+
; s_counter[0]~0                                         ;   ;
; Number of logic cells representing combinational loops ; 1 ;
+--------------------------------------------------------+---+
Note: All cells listed above may not be present at the end of synthesis due to various synthesis optimizations.


+------------------------------------------------------+
; General Register Statistics                          ;
+----------------------------------------------+-------+
; Statistic                                    ; Value ;
+----------------------------------------------+-------+
; Total registers                              ; 31    ;
; Number of registers using Synchronous Clear  ; 0     ;
; Number of registers using Synchronous Load   ; 0     ;
; Number of registers using Asynchronous Clear ; 0     ;
; Number of registers using Asynchronous Load  ; 0     ;
; Number of registers using Clock Enable       ; 0     ;
; Number of registers using Preset             ; 0     ;
+----------------------------------------------+-------+


+------------------------------------------------------------+
; Parameter Settings for User Entity Instance: thumb_cpu:DUT ;
+----------------+------------------+------------------------+
; Parameter Name ; Value            ; Type                   ;
+----------------+------------------+------------------------+
; reg_n          ; 8                ; Signed Integer         ;
; word_size      ; 16               ; Signed Integer         ;
; irq_size       ; 2                ; Signed Integer         ;
; pc_reset       ; 1111111111111110 ; Unsigned Binary        ;
+----------------+------------------+------------------------+
Note: In order to hide this table in the UI and the text report file, please set the "Show Parameter Settings in Synthesis Report" option in "Analysis and Synthesis Settings -> More Settings" to "Off".


+-----------------------------------------------------------------------+
; Parameter Settings for User Entity Instance: thumb_cpu:DUT|alu:ADDER2 ;
+----------------+-------+----------------------------------------------+
; Parameter Name ; Value ; Type                                         ;
+----------------+-------+----------------------------------------------+
; size           ; 16    ; Signed Integer                               ;
+----------------+-------+----------------------------------------------+
Note: In order to hide this table in the UI and the text report file, please set the "Show Parameter Settings in Synthesis Report" option in "Analysis and Synthesis Settings -> More Settings" to "Off".


+-------------------------------------------------------------------------+
; Parameter Settings for User Entity Instance: thumb_cpu:DUT|regfile:REGS ;
+----------------+------------------+-------------------------------------+
; Parameter Name ; Value            ; Type                                ;
+----------------+------------------+-------------------------------------+
; reg_n          ; 8                ; Signed Integer                      ;
; word_s         ; 16               ; Signed Integer                      ;
; pc_reset       ; 1111111111111110 ; Unsigned Binary                     ;
+----------------+------------------+-------------------------------------+
Note: In order to hide this table in the UI and the text report file, please set the "Show Parameter Settings in Synthesis Report" option in "Analysis and Synthesis Settings -> More Settings" to "Off".


+---------------------------------------------------------------------------------+
; Parameter Settings for User Entity Instance: thumb_cpu:DUT|register_d:REG_IF_EX ;
+----------------+-------+--------------------------------------------------------+
; Parameter Name ; Value ; Type                                                   ;
+----------------+-------+--------------------------------------------------------+
; n              ; 79    ; Signed Integer                                         ;
+----------------+-------+--------------------------------------------------------+
Note: In order to hide this table in the UI and the text report file, please set the "Show Parameter Settings in Synthesis Report" option in "Analysis and Synthesis Settings -> More Settings" to "Off".


+-----------------------------------------------------------------------+
; Parameter Settings for User Entity Instance: thumb_cpu:DUT|alu:GENALU ;
+----------------+-------+----------------------------------------------+
; Parameter Name ; Value ; Type                                         ;
+----------------+-------+----------------------------------------------+
; size           ; 16    ; Signed Integer                               ;
+----------------+-------+----------------------------------------------+
Note: In order to hide this table in the UI and the text report file, please set the "Show Parameter Settings in Synthesis Report" option in "Analysis and Synthesis Settings -> More Settings" to "Off".


+---------------------------------------------------------------------------------+
; Parameter Settings for User Entity Instance: thumb_cpu:DUT|register_d:REG_EX_WB ;
+----------------+-------+--------------------------------------------------------+
; Parameter Name ; Value ; Type                                                   ;
+----------------+-------+--------------------------------------------------------+
; n              ; 61    ; Signed Integer                                         ;
+----------------+-------+--------------------------------------------------------+
Note: In order to hide this table in the UI and the text report file, please set the "Show Parameter Settings in Synthesis Report" option in "Analysis and Synthesis Settings -> More Settings" to "Off".


+-----------------------------------------------------------+
; Parameter Settings for User Entity Instance: rom:MEM_INST ;
+----------------+------------+-----------------------------+
; Parameter Name ; Value      ; Type                        ;
+----------------+------------+-----------------------------+
; addr_s         ; 16         ; Signed Integer              ;
; word_s         ; 16         ; Signed Integer              ;
; init_f         ; ../rom.txt ; String                      ;
+----------------+------------+-----------------------------+
Note: In order to hide this table in the UI and the text report file, please set the "Show Parameter Settings in Synthesis Report" option in "Analysis and Synthesis Settings -> More Settings" to "Off".


+-----------------------------------------------------------+
; Parameter Settings for User Entity Instance: ram:MEM_DATA ;
+----------------+------------+-----------------------------+
; Parameter Name ; Value      ; Type                        ;
+----------------+------------+-----------------------------+
; addr_s         ; 16         ; Signed Integer              ;
; word_s         ; 16         ; Signed Integer              ;
; init_f         ; ../ram.txt ; String                      ;
+----------------+------------+-----------------------------+
Note: In order to hide this table in the UI and the text report file, please set the "Show Parameter Settings in Synthesis Report" option in "Analysis and Synthesis Settings -> More Settings" to "Off".


+---------------------------------------------------------------------------------------------------------------------+
; Port Connectivity Checks: "thumb_cpu:DUT|register_d:REG_EX_WB"                                                      ;
+-----------+--------+----------+-------------------------------------------------------------------------------------+
; Port      ; Type   ; Severity ; Details                                                                             ;
+-----------+--------+----------+-------------------------------------------------------------------------------------+
; enable    ; Input  ; Info     ; Stuck at VCC                                                                        ;
; q[25..23] ; Output ; Info     ; Connected to dangling logic. Logic that only feeds a dangling port will be removed. ;
; q[6..4]   ; Output ; Info     ; Connected to dangling logic. Logic that only feeds a dangling port will be removed. ;
+-----------+--------+----------+-------------------------------------------------------------------------------------+


+----------------------------------------------------------------------------------------------------------------+
; Port Connectivity Checks: "thumb_cpu:DUT|alu:GENALU"                                                           ;
+------+--------+----------+-------------------------------------------------------------------------------------+
; Port ; Type   ; Severity ; Details                                                                             ;
+------+--------+----------+-------------------------------------------------------------------------------------+
; co   ; Output ; Info     ; Connected to dangling logic. Logic that only feeds a dangling port will be removed. ;
+------+--------+----------+-------------------------------------------------------------------------------------+


+----------------------------------------------------------------+
; Port Connectivity Checks: "thumb_cpu:DUT|register_d:REG_IF_EX" ;
+--------+-------+----------+------------------------------------+
; Port   ; Type  ; Severity ; Details                            ;
+--------+-------+----------+------------------------------------+
; enable ; Input ; Info     ; Stuck at VCC                       ;
+--------+-------+----------+------------------------------------+


+--------------------------------------------------------+
; Port Connectivity Checks: "thumb_cpu:DUT|regfile:REGS" ;
+------------+-------+----------+------------------------+
; Port       ; Type  ; Severity ; Details                ;
+------------+-------+----------+------------------------+
; regwritepc ; Input ; Info     ; Stuck at VCC           ;
+------------+-------+----------+------------------------+


+----------------------------------------------------------------------------------------------------------------+
; Port Connectivity Checks: "thumb_cpu:DUT|alu:ADDER2|alu_1_bit:\ALUS:0:FIRST:ALU_FIRST"                         ;
+------+--------+----------+-------------------------------------------------------------------------------------+
; Port ; Type   ; Severity ; Details                                                                             ;
+------+--------+----------+-------------------------------------------------------------------------------------+
; ov   ; Output ; Info     ; Connected to dangling logic. Logic that only feeds a dangling port will be removed. ;
+------+--------+----------+-------------------------------------------------------------------------------------+


+----------------------------------------------------------------------------------------------------------------+
; Port Connectivity Checks: "thumb_cpu:DUT|alu:ADDER2|alu_1_bit:\ALUS:1:MID:ALU_I"                               ;
+------+--------+----------+-------------------------------------------------------------------------------------+
; Port ; Type   ; Severity ; Details                                                                             ;
+------+--------+----------+-------------------------------------------------------------------------------------+
; ov   ; Output ; Info     ; Connected to dangling logic. Logic that only feeds a dangling port will be removed. ;
+------+--------+----------+-------------------------------------------------------------------------------------+


+----------------------------------------------------------------------------------------------------------------+
; Port Connectivity Checks: "thumb_cpu:DUT|alu:ADDER2|alu_1_bit:\ALUS:2:MID:ALU_I"                               ;
+------+--------+----------+-------------------------------------------------------------------------------------+
; Port ; Type   ; Severity ; Details                                                                             ;
+------+--------+----------+-------------------------------------------------------------------------------------+
; ov   ; Output ; Info     ; Connected to dangling logic. Logic that only feeds a dangling port will be removed. ;
+------+--------+----------+-------------------------------------------------------------------------------------+


+----------------------------------------------------------------------------------------------------------------+
; Port Connectivity Checks: "thumb_cpu:DUT|alu:ADDER2|alu_1_bit:\ALUS:3:MID:ALU_I"                               ;
+------+--------+----------+-------------------------------------------------------------------------------------+
; Port ; Type   ; Severity ; Details                                                                             ;
+------+--------+----------+-------------------------------------------------------------------------------------+
; ov   ; Output ; Info     ; Connected to dangling logic. Logic that only feeds a dangling port will be removed. ;
+------+--------+----------+-------------------------------------------------------------------------------------+


+----------------------------------------------------------------------------------------------------------------+
; Port Connectivity Checks: "thumb_cpu:DUT|alu:ADDER2|alu_1_bit:\ALUS:4:MID:ALU_I"                               ;
+------+--------+----------+-------------------------------------------------------------------------------------+
; Port ; Type   ; Severity ; Details                                                                             ;
+------+--------+----------+-------------------------------------------------------------------------------------+
; ov   ; Output ; Info     ; Connected to dangling logic. Logic that only feeds a dangling port will be removed. ;
+------+--------+----------+-------------------------------------------------------------------------------------+


+----------------------------------------------------------------------------------------------------------------+
; Port Connectivity Checks: "thumb_cpu:DUT|alu:ADDER2|alu_1_bit:\ALUS:5:MID:ALU_I"                               ;
+------+--------+----------+-------------------------------------------------------------------------------------+
; Port ; Type   ; Severity ; Details                                                                             ;
+------+--------+----------+-------------------------------------------------------------------------------------+
; ov   ; Output ; Info     ; Connected to dangling logic. Logic that only feeds a dangling port will be removed. ;
+------+--------+----------+-------------------------------------------------------------------------------------+


+----------------------------------------------------------------------------------------------------------------+
; Port Connectivity Checks: "thumb_cpu:DUT|alu:ADDER2|alu_1_bit:\ALUS:6:MID:ALU_I"                               ;
+------+--------+----------+-------------------------------------------------------------------------------------+
; Port ; Type   ; Severity ; Details                                                                             ;
+------+--------+----------+-------------------------------------------------------------------------------------+
; ov   ; Output ; Info     ; Connected to dangling logic. Logic that only feeds a dangling port will be removed. ;
+------+--------+----------+-------------------------------------------------------------------------------------+


+----------------------------------------------------------------------------------------------------------------+
; Port Connectivity Checks: "thumb_cpu:DUT|alu:ADDER2|alu_1_bit:\ALUS:7:MID:ALU_I"                               ;
+------+--------+----------+-------------------------------------------------------------------------------------+
; Port ; Type   ; Severity ; Details                                                                             ;
+------+--------+----------+-------------------------------------------------------------------------------------+
; ov   ; Output ; Info     ; Connected to dangling logic. Logic that only feeds a dangling port will be removed. ;
+------+--------+----------+-------------------------------------------------------------------------------------+


+----------------------------------------------------------------------------------------------------------------+
; Port Connectivity Checks: "thumb_cpu:DUT|alu:ADDER2|alu_1_bit:\ALUS:8:MID:ALU_I"                               ;
+------+--------+----------+-------------------------------------------------------------------------------------+
; Port ; Type   ; Severity ; Details                                                                             ;
+------+--------+----------+-------------------------------------------------------------------------------------+
; ov   ; Output ; Info     ; Connected to dangling logic. Logic that only feeds a dangling port will be removed. ;
+------+--------+----------+-------------------------------------------------------------------------------------+


+----------------------------------------------------------------------------------------------------------------+
; Port Connectivity Checks: "thumb_cpu:DUT|alu:ADDER2|alu_1_bit:\ALUS:9:MID:ALU_I"                               ;
+------+--------+----------+-------------------------------------------------------------------------------------+
; Port ; Type   ; Severity ; Details                                                                             ;
+------+--------+----------+-------------------------------------------------------------------------------------+
; ov   ; Output ; Info     ; Connected to dangling logic. Logic that only feeds a dangling port will be removed. ;
+------+--------+----------+-------------------------------------------------------------------------------------+


+----------------------------------------------------------------------------------------------------------------+
; Port Connectivity Checks: "thumb_cpu:DUT|alu:ADDER2|alu_1_bit:\ALUS:10:MID:ALU_I"                              ;
+------+--------+----------+-------------------------------------------------------------------------------------+
; Port ; Type   ; Severity ; Details                                                                             ;
+------+--------+----------+-------------------------------------------------------------------------------------+
; ov   ; Output ; Info     ; Connected to dangling logic. Logic that only feeds a dangling port will be removed. ;
+------+--------+----------+-------------------------------------------------------------------------------------+


+----------------------------------------------------------------------------------------------------------------+
; Port Connectivity Checks: "thumb_cpu:DUT|alu:ADDER2|alu_1_bit:\ALUS:11:MID:ALU_I"                              ;
+------+--------+----------+-------------------------------------------------------------------------------------+
; Port ; Type   ; Severity ; Details                                                                             ;
+------+--------+----------+-------------------------------------------------------------------------------------+
; ov   ; Output ; Info     ; Connected to dangling logic. Logic that only feeds a dangling port will be removed. ;
+------+--------+----------+-------------------------------------------------------------------------------------+


+----------------------------------------------------------------------------------------------------------------+
; Port Connectivity Checks: "thumb_cpu:DUT|alu:ADDER2|alu_1_bit:\ALUS:12:MID:ALU_I"                              ;
+------+--------+----------+-------------------------------------------------------------------------------------+
; Port ; Type   ; Severity ; Details                                                                             ;
+------+--------+----------+-------------------------------------------------------------------------------------+
; ov   ; Output ; Info     ; Connected to dangling logic. Logic that only feeds a dangling port will be removed. ;
+------+--------+----------+-------------------------------------------------------------------------------------+


+----------------------------------------------------------------------------------------------------------------+
; Port Connectivity Checks: "thumb_cpu:DUT|alu:ADDER2|alu_1_bit:\ALUS:13:MID:ALU_I"                              ;
+------+--------+----------+-------------------------------------------------------------------------------------+
; Port ; Type   ; Severity ; Details                                                                             ;
+------+--------+----------+-------------------------------------------------------------------------------------+
; ov   ; Output ; Info     ; Connected to dangling logic. Logic that only feeds a dangling port will be removed. ;
+------+--------+----------+-------------------------------------------------------------------------------------+


+----------------------------------------------------------------------------------------------------------------+
; Port Connectivity Checks: "thumb_cpu:DUT|alu:ADDER2|alu_1_bit:\ALUS:14:MID:ALU_I"                              ;
+------+--------+----------+-------------------------------------------------------------------------------------+
; Port ; Type   ; Severity ; Details                                                                             ;
+------+--------+----------+-------------------------------------------------------------------------------------+
; ov   ; Output ; Info     ; Connected to dangling logic. Logic that only feeds a dangling port will be removed. ;
+------+--------+----------+-------------------------------------------------------------------------------------+


+--------------------------------------------------------------------------------------------------------------------+
; Port Connectivity Checks: "thumb_cpu:DUT|alu:ADDER2"                                                               ;
+----------+--------+----------+-------------------------------------------------------------------------------------+
; Port     ; Type   ; Severity ; Details                                                                             ;
+----------+--------+----------+-------------------------------------------------------------------------------------+
; b[15..2] ; Input  ; Info     ; Stuck at GND                                                                        ;
; b[1]     ; Input  ; Info     ; Stuck at VCC                                                                        ;
; b[0]     ; Input  ; Info     ; Stuck at GND                                                                        ;
; s        ; Input  ; Info     ; Stuck at GND                                                                        ;
; n        ; Output ; Info     ; Connected to dangling logic. Logic that only feeds a dangling port will be removed. ;
; z        ; Output ; Info     ; Connected to dangling logic. Logic that only feeds a dangling port will be removed. ;
; ov       ; Output ; Info     ; Connected to dangling logic. Logic that only feeds a dangling port will be removed. ;
; co       ; Output ; Info     ; Connected to dangling logic. Logic that only feeds a dangling port will be removed. ;
+----------+--------+----------+-------------------------------------------------------------------------------------+


+---------------------------------------------+
; Port Connectivity Checks: "thumb_cpu:DUT"   ;
+-----------+-------+----------+--------------+
; Port      ; Type  ; Severity ; Details      ;
+-----------+-------+----------+--------------+
; reset     ; Input ; Info     ; Stuck at GND ;
; interrupt ; Input ; Info     ; Stuck at GND ;
; irq       ; Input ; Info     ; Stuck at GND ;
+-----------+-------+----------+--------------+


+-----------------------------------------------------+
; Post-Synthesis Netlist Statistics for Top Partition ;
+-----------------------+-----------------------------+
; Type                  ; Count                       ;
+-----------------------+-----------------------------+
; arriav_ff             ; 31                          ;
;     plain             ; 31                          ;
; arriav_lcell_comb     ; 32                          ;
;     arith             ; 30                          ;
;         1 data inputs ; 29                          ;
;         2 data inputs ; 1                           ;
;     normal            ; 2                           ;
;         1 data inputs ; 2                           ;
; boundary_port         ; 31                          ;
;                       ;                             ;
; Max LUT depth         ; 3.90                        ;
; Average LUT depth     ; 2.87                        ;
+-----------------------+-----------------------------+


+-------------------------------+
; Elapsed Time Per Partition    ;
+----------------+--------------+
; Partition Name ; Elapsed Time ;
+----------------+--------------+
; Top            ; 00:00:00     ;
+----------------+--------------+


+-------------------------------+
; Analysis & Synthesis Messages ;
+-------------------------------+
Info: *******************************************************************
Info: Running Quartus Prime Analysis & Synthesis
    Info: Version 22.1std.0 Build 915 10/25/2022 SC Lite Edition
    Info: Processing started: Wed Jul 31 16:45:54 2024
Info: Command: quartus_map --read_settings_files=on --write_settings_files=off thumb -c thumb
Warning (18236): Number of processors has not been specified which may cause overloading on shared machines.  Set the global assignment NUM_PARALLEL_PROCESSORS in your QSF to an appropriate value for best performance.
Info (20030): Parallel compilation is enabled and will use 2 of the 2 processors detected
Info (12021): Found 2 design units, including 1 entities, in source file thumb_cpu_tb.vhd
    Info (12022): Found design unit 1: thumb_cpu_tb-arch File: /home/miguelaguena/Documents/thumb/thumb_cpu_tb.vhd Line: 11
    Info (12023): Found entity 1: thumb_cpu_tb File: /home/miguelaguena/Documents/thumb/thumb_cpu_tb.vhd Line: 5
Warning (12019): Can't analyze file -- file sign_extend.vhd is missing
Info (12021): Found 2 design units, including 1 entities, in source file alu.vhd
    Info (12022): Found design unit 1: alu-alu_1 File: /home/miguelaguena/Documents/thumb/alu.vhd Line: 21
    Info (12023): Found entity 1: alu File: /home/miguelaguena/Documents/thumb/alu.vhd Line: 5
Info (12021): Found 2 design units, including 1 entities, in source file alu_1_bit.vhd
    Info (12022): Found design unit 1: alu_1_bit-alu_1_bit_1 File: /home/miguelaguena/Documents/thumb/alu_1_bit.vhd Line: 16
    Info (12023): Found entity 1: alu_1_bit File: /home/miguelaguena/Documents/thumb/alu_1_bit.vhd Line: 5
Info (12021): Found 2 design units, including 1 entities, in source file thumb_cpu.vhd
    Info (12022): Found design unit 1: thumb_cpu-thumbv1 File: /home/miguelaguena/Documents/thumb/thumb_cpu.vhd Line: 30
    Info (12023): Found entity 1: thumb_cpu File: /home/miguelaguena/Documents/thumb/thumb_cpu.vhd Line: 8
Info (12021): Found 2 design units, including 1 entities, in source file ram.vhd
    Info (12022): Found design unit 1: ram-ram_1 File: /home/miguelaguena/Documents/thumb/ram.vhd Line: 21
    Info (12023): Found entity 1: ram File: /home/miguelaguena/Documents/thumb/ram.vhd Line: 6
Info (12021): Found 2 design units, including 1 entities, in source file register_d.vhd
    Info (12022): Found design unit 1: register_d-comportamental File: /home/miguelaguena/Documents/thumb/register_d.vhd Line: 17
    Info (12023): Found entity 1: register_d File: /home/miguelaguena/Documents/thumb/register_d.vhd Line: 4
Info (12021): Found 2 design units, including 1 entities, in source file regfile.vhd
    Info (12022): Found design unit 1: regfile-regfile_1 File: /home/miguelaguena/Documents/thumb/regfile.vhd Line: 27
    Info (12023): Found entity 1: regfile File: /home/miguelaguena/Documents/thumb/regfile.vhd Line: 6
Info (12021): Found 2 design units, including 1 entities, in source file rom.vhd
    Info (12022): Found design unit 1: rom-rom_1 File: /home/miguelaguena/Documents/thumb/rom.vhd Line: 18
    Info (12023): Found entity 1: rom File: /home/miguelaguena/Documents/thumb/rom.vhd Line: 6
Info (12127): Elaborating entity "thumb_cpu_tb" for the top level hierarchy
Warning (10540): VHDL Signal Declaration warning at thumb_cpu_tb.vhd(71): used explicit default value for signal "s_zero" because signal was never assigned a value File: /home/miguelaguena/Documents/thumb/thumb_cpu_tb.vhd Line: 71
Warning (10540): VHDL Signal Declaration warning at thumb_cpu_tb.vhd(72): used explicit default value for signal "s_interrupt" because signal was never assigned a value File: /home/miguelaguena/Documents/thumb/thumb_cpu_tb.vhd Line: 72
Warning (10540): VHDL Signal Declaration warning at thumb_cpu_tb.vhd(73): used explicit default value for signal "s_irq" because signal was never assigned a value File: /home/miguelaguena/Documents/thumb/thumb_cpu_tb.vhd Line: 73
Info (12128): Elaborating entity "thumb_cpu" for hierarchy "thumb_cpu:DUT" File: /home/miguelaguena/Documents/thumb/thumb_cpu_tb.vhd Line: 79
Warning (10540): VHDL Signal Declaration warning at thumb_cpu.vhd(87): used explicit default value for signal "s_number_2" because signal was never assigned a value File: /home/miguelaguena/Documents/thumb/thumb_cpu.vhd Line: 87
Warning (10540): VHDL Signal Declaration warning at thumb_cpu.vhd(88): used explicit default value for signal "s_op_sum" because signal was never assigned a value File: /home/miguelaguena/Documents/thumb/thumb_cpu.vhd Line: 88
Warning (10540): VHDL Signal Declaration warning at thumb_cpu.vhd(93): used explicit default value for signal "s_processor_stall" because signal was never assigned a value File: /home/miguelaguena/Documents/thumb/thumb_cpu.vhd Line: 93
Warning (10540): VHDL Signal Declaration warning at thumb_cpu.vhd(99): used explicit default value for signal "s_lp_reg" because signal was never assigned a value File: /home/miguelaguena/Documents/thumb/thumb_cpu.vhd Line: 99
Warning (10540): VHDL Signal Declaration warning at thumb_cpu.vhd(109): used explicit default value for signal "s_signal_1" because signal was never assigned a value File: /home/miguelaguena/Documents/thumb/thumb_cpu.vhd Line: 109
Warning (10036): Verilog HDL or VHDL warning at thumb_cpu.vhd(149): object "s_rr1_wb" assigned a value but never read File: /home/miguelaguena/Documents/thumb/thumb_cpu.vhd Line: 149
Warning (10036): Verilog HDL or VHDL warning at thumb_cpu.vhd(151): object "s_rr2_wb" assigned a value but never read File: /home/miguelaguena/Documents/thumb/thumb_cpu.vhd Line: 151
Info (10041): Inferred latch for "s_pc_input[0]" at thumb_cpu.vhd(228) File: /home/miguelaguena/Documents/thumb/thumb_cpu.vhd Line: 228
Info (10041): Inferred latch for "s_pc_input[1]" at thumb_cpu.vhd(228) File: /home/miguelaguena/Documents/thumb/thumb_cpu.vhd Line: 228
Info (10041): Inferred latch for "s_pc_input[2]" at thumb_cpu.vhd(228) File: /home/miguelaguena/Documents/thumb/thumb_cpu.vhd Line: 228
Info (10041): Inferred latch for "s_pc_input[3]" at thumb_cpu.vhd(228) File: /home/miguelaguena/Documents/thumb/thumb_cpu.vhd Line: 228
Info (10041): Inferred latch for "s_pc_input[4]" at thumb_cpu.vhd(228) File: /home/miguelaguena/Documents/thumb/thumb_cpu.vhd Line: 228
Info (10041): Inferred latch for "s_pc_input[5]" at thumb_cpu.vhd(228) File: /home/miguelaguena/Documents/thumb/thumb_cpu.vhd Line: 228
Info (10041): Inferred latch for "s_pc_input[6]" at thumb_cpu.vhd(228) File: /home/miguelaguena/Documents/thumb/thumb_cpu.vhd Line: 228
Info (10041): Inferred latch for "s_pc_input[7]" at thumb_cpu.vhd(228) File: /home/miguelaguena/Documents/thumb/thumb_cpu.vhd Line: 228
Info (10041): Inferred latch for "s_pc_input[8]" at thumb_cpu.vhd(228) File: /home/miguelaguena/Documents/thumb/thumb_cpu.vhd Line: 228
Info (10041): Inferred latch for "s_pc_input[9]" at thumb_cpu.vhd(228) File: /home/miguelaguena/Documents/thumb/thumb_cpu.vhd Line: 228
Info (10041): Inferred latch for "s_pc_input[10]" at thumb_cpu.vhd(228) File: /home/miguelaguena/Documents/thumb/thumb_cpu.vhd Line: 228
Info (10041): Inferred latch for "s_pc_input[11]" at thumb_cpu.vhd(228) File: /home/miguelaguena/Documents/thumb/thumb_cpu.vhd Line: 228
Info (10041): Inferred latch for "s_pc_input[12]" at thumb_cpu.vhd(228) File: /home/miguelaguena/Documents/thumb/thumb_cpu.vhd Line: 228
Info (10041): Inferred latch for "s_pc_input[13]" at thumb_cpu.vhd(228) File: /home/miguelaguena/Documents/thumb/thumb_cpu.vhd Line: 228
Info (10041): Inferred latch for "s_pc_input[14]" at thumb_cpu.vhd(228) File: /home/miguelaguena/Documents/thumb/thumb_cpu.vhd Line: 228
Info (10041): Inferred latch for "s_pc_input[15]" at thumb_cpu.vhd(228) File: /home/miguelaguena/Documents/thumb/thumb_cpu.vhd Line: 228
Info (12128): Elaborating entity "alu" for hierarchy "thumb_cpu:DUT|alu:ADDER2" File: /home/miguelaguena/Documents/thumb/thumb_cpu.vhd Line: 187
Warning (10540): VHDL Signal Declaration warning at alu.vhd(36): used explicit default value for signal "zero_aux" because signal was never assigned a value File: /home/miguelaguena/Documents/thumb/alu.vhd Line: 36
Info (12128): Elaborating entity "alu_1_bit" for hierarchy "thumb_cpu:DUT|alu:ADDER2|alu_1_bit:\ALUS:15:LAST:ALU_LAST" File: /home/miguelaguena/Documents/thumb/alu.vhd Line: 43
Info (12128): Elaborating entity "regfile" for hierarchy "thumb_cpu:DUT|regfile:REGS" File: /home/miguelaguena/Documents/thumb/thumb_cpu.vhd Line: 236
Info (12128): Elaborating entity "register_d" for hierarchy "thumb_cpu:DUT|register_d:REG_IF_EX" File: /home/miguelaguena/Documents/thumb/thumb_cpu.vhd Line: 269
Info (12128): Elaborating entity "register_d" for hierarchy "thumb_cpu:DUT|register_d:REG_EX_WB" File: /home/miguelaguena/Documents/thumb/thumb_cpu.vhd Line: 335
Info (12128): Elaborating entity "rom" for hierarchy "rom:MEM_INST" File: /home/miguelaguena/Documents/thumb/thumb_cpu_tb.vhd Line: 93
Info (12128): Elaborating entity "ram" for hierarchy "ram:MEM_DATA" File: /home/miguelaguena/Documents/thumb/thumb_cpu_tb.vhd Line: 99
Info (286030): Timing-Driven Synthesis is running
Info (16010): Generating hard_block partition "hard_block:auto_generated_inst"
    Info (16011): Adding 0 node(s), including 0 DDIO, 0 PLL, 0 transceiver and 0 LCELL
Info (21057): Implemented 63 device resources after synthesis - the final resource count might be different
    Info (21058): Implemented 0 input pins
    Info (21059): Implemented 31 output pins
    Info (21061): Implemented 32 logic cells
Info: Quartus Prime Analysis & Synthesis was successful. 0 errors, 13 warnings
    Info: Peak virtual memory: 926 megabytes
    Info: Processing ended: Wed Jul 31 16:46:20 2024
    Info: Elapsed time: 00:00:26
    Info: Total CPU time (on all processors): 00:00:42


